<?xml version="1.0" encoding="UTF-8"?>
<!-- Generated by org.testng.reporters.JUnitReportReporter -->
<testsuite skipped="0" hostname="WIN-NFDCINOH1RK" name="Actions_demo.NewTestReadwriteexcel" tests="1" failures="0" timestamp="2020-06-16T06:54:40 UTC" time="0.006" errors="0">
  <testcase name="ReadWrite" time="0.006" classname="Actions_demo.NewTestReadwriteexcel"/>
</testsuite> <!-- Actions_demo.NewTestReadwriteexcel -->
