<?xml version="1.0" encoding="UTF-8"?>
<!-- Generated by org.testng.reporters.JUnitReportReporter -->
<testsuite skipped="0" hostname="WIN-NFDCINOH1RK" name="Actions_demo.excelloop" tests="1" failures="0" timestamp="2020-06-16T09:50:51 UTC" time="31.004" errors="0">
  <testcase name="ReadWrite" time="31.004" classname="Actions_demo.excelloop"/>
</testsuite> <!-- Actions_demo.excelloop -->
