<?xml version="1.0" encoding="UTF-8"?>
<!-- Generated by org.testng.reporters.JUnitReportReporter -->
<testsuite skipped="0" hostname="WIN-NFDCINOH1RK" name="Actions_demo.ReadwriteExcel3" tests="1" failures="0" timestamp="2020-06-16T08:18:43 UTC" time="9.349" errors="0">
  <testcase name="ReadWrite" time="9.349" classname="Actions_demo.ReadwriteExcel3"/>
</testsuite> <!-- Actions_demo.ReadwriteExcel3 -->
